Arguments: 
  /usr/local/share/nvm/versions/node/v19.9.0/bin/node /usr/share/yarn/bin/yarn.js add node-media-serve

PATH: 
  /usr/local/rvm/gems/ruby-3.1.4/bin:/usr/local/rvm/gems/ruby-3.1.4@global/bin:/usr/local/rvm/rubies/ruby-3.1.4/bin:/vscode/bin/linux-x64/b380da4ef1ee00e224a15c1d4d9793e27c2b6302/bin/remote-cli:/home/codespace/.local/bin:/home/codespace/.dotnet:/home/codespace/nvm/current/bin:/home/codespace/.php/current/bin:/home/codespace/.python/current/bin:/home/codespace/java/current/bin:/home/codespace/.ruby/current/bin:/home/codespace/.local/bin:/usr/local/oryx:/usr/local/go/bin:/go/bin:/usr/local/sdkman/bin:/usr/local/sdkman/candidates/java/current/bin:/usr/local/sdkman/candidates/gradle/current/bin:/usr/local/sdkman/candidates/maven/current/bin:/usr/local/sdkman/candidates/ant/current/bin:/usr/local/rvm/gems/default/bin:/usr/local/rvm/gems/default@global/bin:/usr/local/rvm/rubies/default/bin:/usr/local/share/rbenv/bin:/opt/conda/bin:/usr/local/php/current/bin:/usr/local/python/current/bin:/usr/local/py-utils/bin:/usr/local/nvs:/usr/local/share/nvm/versions/node/v19.9.0/bin:/usr/local/hugo/bin:/usr/local/dotnet/current:/usr/local/sbin:/usr/local/bin:/usr/sbin:/usr/bin:/sbin:/bin:/usr/local/rvm/bin

Yarn version: 
  1.22.19

Node version: 
  19.9.0

Platform: 
  linux x64

Trace: 
  Error: https://registry.yarnpkg.com/node-media-serve: Not found
      at params.callback [as _callback] (/usr/share/yarn/lib/cli.js:66145:18)
      at self.callback (/usr/share/yarn/lib/cli.js:140890:22)
      at Request.emit (node:events:513:28)
      at Request.<anonymous> (/usr/share/yarn/lib/cli.js:141862:10)
      at Request.emit (node:events:513:28)
      at IncomingMessage.<anonymous> (/usr/share/yarn/lib/cli.js:141784:12)
      at Object.onceWrapper (node:events:627:28)
      at IncomingMessage.emit (node:events:525:35)
      at endReadableNT (node:internal/streams/readable:1359:12)
      at process.processTicksAndRejections (node:internal/process/task_queues:82:21)

npm manifest: 
  {
    "name": "ts-boilerplate",
    "version": "0.0.1",
    "description": "Minimal boilerplate for typescript projects",
    "main": "dist/index.js",
    "scripts": {
      "build": "tsc",
      "test": "mocha --exit --require ts-node/register test/*.ts",
      "bin": "npm run build && node dist/bin/index.js"
    },
    "bin": {
      "ts-boilerplate": "dist/bin/index.js"
    },
    "keywords": [
      "ts",
      "typescript",
      "boilerplate",
      "sample",
      "example",
      "javascript"
    ],
    "author": "Ivan Pusic",
    "license": "MIT",
    "dependencies": {
      "commander": "2.14.1"
    },
    "devDependencies": {
      "@types/chai": "4.1.2",
      "@types/commander": "2.12.2",
      "@types/mocha": "2.2.48",
      "@types/node": "9.4.6",
      "chai": "^4.1.2",
      "mocha": "5.0.1",
      "ts-node": "4.1.0",
      "tslint": "5.9.1",
      "typescript": "2.7.2"
    }
  }

yarn manifest: 
  No manifest

Lockfile: 
  No lockfile
